<?xml version="1.0" encoding="UTF-8"?>
<!-- Generated by org.testng.reporters.JUnitXMLReporter -->
<testsuite ignored="0" hostname="LAPTOP-J5E37TJF" failures="0" tests="2" name="Default test" time="0.058" errors="0" timestamp="2023-01-27T08:05:40 IST">
  <testcase classname="testngtest.CheckingTestSequence" name="verifyLoginAfterCorrectCredentials" time="0.008"/>
  <testcase classname="testngtest.CheckingTestSequence" name="verifyLoginAfterInCorrectCredentials" time="0.003"/>
</testsuite> <!-- Default test -->
